[debug] [2018-03-22T19:02:43.756Z] ----------------------------------------------------------------------
[debug] [2018-03-22T19:02:43.758Z] Command:       /usr/local/Cellar/node/9.5.0/bin/node /usr/local/bin/firebase deploy --only hosting
[debug] [2018-03-22T19:02:43.759Z] CLI Version:   3.17.6
[debug] [2018-03-22T19:02:43.759Z] Platform:      darwin
[debug] [2018-03-22T19:02:43.759Z] Node Version:  v9.5.0
[debug] [2018-03-22T19:02:43.759Z] Time:          Thu Mar 22 2018 20:02:43 GMT+0100 (CET)
[debug] [2018-03-22T19:02:43.759Z] ----------------------------------------------------------------------
[debug] 
[debug] [2018-03-22T19:02:43.773Z] > command requires scopes: ["email","openid","https://www.googleapis.com/auth/cloudplatformprojects.readonly","https://www.googleapis.com/auth/firebase","https://www.googleapis.com/auth/cloud-platform"]
[debug] [2018-03-22T19:02:43.774Z] > authorizing via signed-in user
[debug] [2018-03-22T19:02:43.776Z] >>> HTTP REQUEST GET https://admin.firebase.com/v1/projects/westernnovelupdates  
  
 Thu Mar 22 2018 20:02:43 GMT+0100 (CET)
[debug] [2018-03-22T19:02:44.576Z] <<< HTTP RESPONSE 200
[debug] [2018-03-22T19:02:44.578Z] >>> HTTP REQUEST GET https://admin.firebase.com/v1/database/westernnovelupdates/tokens  
  
 Thu Mar 22 2018 20:02:44 GMT+0100 (CET)
[debug] [2018-03-22T19:02:45.189Z] <<< HTTP RESPONSE 200
[info] 
[info] === Deploying to 'westernnovelupdates'...
[info] 
[info] i  deploying hosting
[info] Running command: npm --prefix webapp run lint
[info] Running command: npm --prefix webapp run build
